2023-12-21 17:52:26 [scrapy.utils.log] INFO: Scrapy 2.11.0 started (bot: videograbber)
2023-12-21 17:52:26 [scrapy.utils.log] INFO: Versions: lxml 4.9.3.0, libxml2 2.11.6, cssselect 1.2.0, parsel 1.8.1, w3lib 1.19.0, Twisted 22.10.0, Python 3.8.18 | packaged by conda-forge | (default, Oct 10 2023, 15:44:36) - [GCC 12.3.0], pyOpenSSL 23.3.0 (OpenSSL 3.2.0 23 Nov 2023), cryptography 41.0.7, Platform Linux-6.5.4-76060504-generic-x86_64-with-glibc2.10
2023-12-21 17:52:26 [scrapy.addons] INFO: Enabled addons:
[]
2023-12-21 17:52:26 [asyncio] DEBUG: Using selector: EpollSelector
2023-12-21 17:52:26 [scrapy.utils.log] DEBUG: Using reactor: twisted.internet.asyncioreactor.AsyncioSelectorReactor
2023-12-21 17:52:26 [scrapy.utils.log] DEBUG: Using asyncio event loop: asyncio.unix_events._UnixSelectorEventLoop
2023-12-21 17:52:26 [scrapy.extensions.telnet] INFO: Telnet Password: 5be91210bbf43c95
2023-12-21 17:52:26 [scrapy.extensions.feedexport] ERROR: Unknown feed format: tsv
2023-12-21 17:52:26 [scrapy.middleware] INFO: Enabled extensions:
['scrapy.extensions.corestats.CoreStats',
 'scrapy.extensions.telnet.TelnetConsole',
 'scrapy.extensions.memusage.MemoryUsage',
 'scrapy.extensions.logstats.LogStats']
2023-12-21 17:52:26 [scrapy.crawler] INFO: Overridden settings:
{'BOT_NAME': 'videograbber',
 'CONCURRENT_REQUESTS': 100,
 'CONCURRENT_REQUESTS_PER_DOMAIN': 16,
 'COOKIES_ENABLED': False,
 'DEPTH_LIMIT': 1000,
 'DEPTH_PRIORITY': 1,
 'FEED_EXPORT_ENCODING': 'utf-8',
 'LOG_FILE': 'logs/videograbber/ImageGrab/2023-12-21T17_52_19.log',
 'NEWSPIDER_MODULE': 'videograbber.spiders',
 'REACTOR_THREADPOOL_MAXSIZE': 20,
 'REQUEST_FINGERPRINTER_IMPLEMENTATION': '2.7',
 'RETRY_ENABLED': False,
 'SCHEDULER_DISK_QUEUE': 'scrapy.squeues.PickleFifoDiskQueue',
 'SCHEDULER_MEMORY_QUEUE': 'scrapy.squeues.FifoMemoryQueue',
 'SCHEDULER_PRIORITY_QUEUE': 'scrapy.pqueues.DownloaderAwarePriorityQueue',
 'SPIDER_MODULES': ['videograbber.spiders'],
 'TWISTED_REACTOR': 'twisted.internet.asyncioreactor.AsyncioSelectorReactor',
 'USER_AGENT': 'Mozilla/5.0 (Macintosh; Intel Mac OS X 14_1) '
               'AppleWebKit/537.36 (KHTML, like Gecko) Chrome/114.0.0.0 '
               'Safari/537.36'}
2023-12-21 17:52:26 [scrapy.core.downloader.handlers] ERROR: Loading "scrapy_playwright.handler.ScrapyPlaywrightDownloadHandler" for scheme "http"
Traceback (most recent call last):
  File "/home/dwijen/miniforge3/envs/nex/lib/python3.8/site-packages/scrapy/core/downloader/handlers/__init__.py", line 55, in _load_handler
    dhcls = load_object(path)
  File "/home/dwijen/miniforge3/envs/nex/lib/python3.8/site-packages/scrapy/utils/misc.py", line 79, in load_object
    mod = import_module(module)
  File "/home/dwijen/miniforge3/envs/nex/lib/python3.8/importlib/__init__.py", line 127, in import_module
    return _bootstrap._gcd_import(name[level:], package, level)
  File "<frozen importlib._bootstrap>", line 1014, in _gcd_import
  File "<frozen importlib._bootstrap>", line 991, in _find_and_load
  File "<frozen importlib._bootstrap>", line 961, in _find_and_load_unlocked
  File "<frozen importlib._bootstrap>", line 219, in _call_with_frames_removed
  File "<frozen importlib._bootstrap>", line 1014, in _gcd_import
  File "<frozen importlib._bootstrap>", line 991, in _find_and_load
  File "<frozen importlib._bootstrap>", line 973, in _find_and_load_unlocked
ModuleNotFoundError: No module named 'scrapy_playwright'
2023-12-21 17:52:26 [scrapy.core.downloader.handlers] ERROR: Loading "scrapy_playwright.handler.ScrapyPlaywrightDownloadHandler" for scheme "https"
Traceback (most recent call last):
  File "/home/dwijen/miniforge3/envs/nex/lib/python3.8/site-packages/scrapy/core/downloader/handlers/__init__.py", line 55, in _load_handler
    dhcls = load_object(path)
  File "/home/dwijen/miniforge3/envs/nex/lib/python3.8/site-packages/scrapy/utils/misc.py", line 79, in load_object
    mod = import_module(module)
  File "/home/dwijen/miniforge3/envs/nex/lib/python3.8/importlib/__init__.py", line 127, in import_module
    return _bootstrap._gcd_import(name[level:], package, level)
  File "<frozen importlib._bootstrap>", line 1014, in _gcd_import
  File "<frozen importlib._bootstrap>", line 991, in _find_and_load
  File "<frozen importlib._bootstrap>", line 961, in _find_and_load_unlocked
  File "<frozen importlib._bootstrap>", line 219, in _call_with_frames_removed
  File "<frozen importlib._bootstrap>", line 1014, in _gcd_import
  File "<frozen importlib._bootstrap>", line 991, in _find_and_load
  File "<frozen importlib._bootstrap>", line 973, in _find_and_load_unlocked
ModuleNotFoundError: No module named 'scrapy_playwright'
2023-12-21 17:52:26 [twisted] CRITICAL: Unhandled error in Deferred:
2023-12-21 17:52:26 [twisted] CRITICAL: 
Traceback (most recent call last):
  File "/home/dwijen/miniforge3/envs/nex/lib/python3.8/site-packages/twisted/internet/defer.py", line 1697, in _inlineCallbacks
    result = context.run(gen.send, result)
  File "/home/dwijen/miniforge3/envs/nex/lib/python3.8/site-packages/scrapy/crawler.py", line 158, in crawl
    self.engine = self._create_engine()
  File "/home/dwijen/miniforge3/envs/nex/lib/python3.8/site-packages/scrapy/crawler.py", line 172, in _create_engine
    return ExecutionEngine(self, lambda _: self.stop())
  File "/home/dwijen/miniforge3/envs/nex/lib/python3.8/site-packages/scrapy/core/engine.py", line 99, in __init__
    self.downloader: Downloader = downloader_cls(crawler)
  File "/home/dwijen/miniforge3/envs/nex/lib/python3.8/site-packages/scrapy/core/downloader/__init__.py", line 97, in __init__
    DownloaderMiddlewareManager.from_crawler(crawler)
  File "/home/dwijen/miniforge3/envs/nex/lib/python3.8/site-packages/scrapy/middleware.py", line 90, in from_crawler
    return cls.from_settings(crawler.settings, crawler)
  File "/home/dwijen/miniforge3/envs/nex/lib/python3.8/site-packages/scrapy/middleware.py", line 66, in from_settings
    mwcls = load_object(clspath)
  File "/home/dwijen/miniforge3/envs/nex/lib/python3.8/site-packages/scrapy/utils/misc.py", line 79, in load_object
    mod = import_module(module)
  File "/home/dwijen/miniforge3/envs/nex/lib/python3.8/importlib/__init__.py", line 127, in import_module
    return _bootstrap._gcd_import(name[level:], package, level)
  File "<frozen importlib._bootstrap>", line 1014, in _gcd_import
  File "<frozen importlib._bootstrap>", line 991, in _find_and_load
  File "<frozen importlib._bootstrap>", line 961, in _find_and_load_unlocked
  File "<frozen importlib._bootstrap>", line 219, in _call_with_frames_removed
  File "<frozen importlib._bootstrap>", line 1014, in _gcd_import
  File "<frozen importlib._bootstrap>", line 991, in _find_and_load
  File "<frozen importlib._bootstrap>", line 973, in _find_and_load_unlocked
ModuleNotFoundError: No module named 'rotating_proxies'
